Determining if the pthread_create exist failed with the following output:
Change Dir: /home/jetson/Desktop/rtk-data-collection/Ublox_Linux/linux_build/build/CMakeFiles/CMakeTmp

Run Build Command:"/usr/bin/make" "cmTC_46ae8/fast"
/usr/bin/make -f CMakeFiles/cmTC_46ae8.dir/build.make CMakeFiles/cmTC_46ae8.dir/build
make[1]: Entering directory '/home/jetson/Desktop/rtk-data-collection/Ublox_Linux/linux_build/build/CMakeFiles/CMakeTmp'
Building C object CMakeFiles/cmTC_46ae8.dir/CheckSymbolExists.c.o
/usr/bin/cc   -fPIC    -o CMakeFiles/cmTC_46ae8.dir/CheckSymbolExists.c.o   -c /home/jetson/Desktop/rtk-data-collection/Ublox_Linux/linux_build/build/CMakeFiles/CMakeTmp/CheckSymbolExists.c
Linking C executable cmTC_46ae8
/usr/bin/cmake -E cmake_link_script CMakeFiles/cmTC_46ae8.dir/link.txt --verbose=1
/usr/bin/cc -fPIC     -rdynamic CMakeFiles/cmTC_46ae8.dir/CheckSymbolExists.c.o  -o cmTC_46ae8 
CMakeFiles/cmTC_46ae8.dir/CheckSymbolExists.c.o: In function `main':
CheckSymbolExists.c:(.text+0x14): undefined reference to `pthread_create'
CheckSymbolExists.c:(.text+0x18): undefined reference to `pthread_create'
collect2: error: ld returned 1 exit status
CMakeFiles/cmTC_46ae8.dir/build.make:97: recipe for target 'cmTC_46ae8' failed
make[1]: *** [cmTC_46ae8] Error 1
make[1]: Leaving directory '/home/jetson/Desktop/rtk-data-collection/Ublox_Linux/linux_build/build/CMakeFiles/CMakeTmp'
Makefile:126: recipe for target 'cmTC_46ae8/fast' failed
make: *** [cmTC_46ae8/fast] Error 2

File /home/jetson/Desktop/rtk-data-collection/Ublox_Linux/linux_build/build/CMakeFiles/CMakeTmp/CheckSymbolExists.c:
/* */
#include <pthread.h>

int main(int argc, char** argv)
{
  (void)argv;
#ifndef pthread_create
  return ((int*)(&pthread_create))[argc];
#else
  (void)argc;
  return 0;
#endif
}

Determining if the function pthread_create exists in the pthreads failed with the following output:
Change Dir: /home/jetson/Desktop/rtk-data-collection/Ublox_Linux/linux_build/build/CMakeFiles/CMakeTmp

Run Build Command:"/usr/bin/make" "cmTC_1f012/fast"
/usr/bin/make -f CMakeFiles/cmTC_1f012.dir/build.make CMakeFiles/cmTC_1f012.dir/build
make[1]: Entering directory '/home/jetson/Desktop/rtk-data-collection/Ublox_Linux/linux_build/build/CMakeFiles/CMakeTmp'
Building C object CMakeFiles/cmTC_1f012.dir/CheckFunctionExists.c.o
/usr/bin/cc   -fPIC -DCHECK_FUNCTION_EXISTS=pthread_create   -o CMakeFiles/cmTC_1f012.dir/CheckFunctionExists.c.o   -c /usr/share/cmake-3.10/Modules/CheckFunctionExists.c
Linking C executable cmTC_1f012
/usr/bin/cmake -E cmake_link_script CMakeFiles/cmTC_1f012.dir/link.txt --verbose=1
/usr/bin/cc -fPIC -DCHECK_FUNCTION_EXISTS=pthread_create    -rdynamic CMakeFiles/cmTC_1f012.dir/CheckFunctionExists.c.o  -o cmTC_1f012 -lpthreads 
/usr/bin/ld: cannot find -lpthreads
collect2: error: ld returned 1 exit status
CMakeFiles/cmTC_1f012.dir/build.make:97: recipe for target 'cmTC_1f012' failed
make[1]: *** [cmTC_1f012] Error 1
make[1]: Leaving directory '/home/jetson/Desktop/rtk-data-collection/Ublox_Linux/linux_build/build/CMakeFiles/CMakeTmp'
Makefile:126: recipe for target 'cmTC_1f012/fast' failed
make: *** [cmTC_1f012/fast] Error 2


